<?xml version="1.0" encoding="UTF-8"?>
<testng-results skipped="0" failed="1" ignored="3" total="10" passed="6">
  <reporter-output>
    <line>
      <![CDATA[Page Title:Login]]>
    </line>
  </reporter-output>
  <suite name="Dolby Automation  :EXECUTABLE_DS" duration-ms="59288" started-at="2020-09-08T10:39:28Z" finished-at="2020-09-08T10:40:27Z">
    <groups>
    </groups>
    <test name="SearchPage_SP_TC_03_SP_TC_03" duration-ms="59288" started-at="2020-09-08T10:39:28Z" finished-at="2020-09-08T10:40:27Z">
      <class name="in.valtech.test.SP_TC_03">
        <test-method status="PASS" signature="methodLevelSetup()[pri:0, instance:in.valtech.test.SP_TC_03@6fc6f14e]" name="methodLevelSetup" is-config="true" duration-ms="1" started-at="2020-09-08T16:10:02Z" finished-at="2020-09-08T16:10:02Z">
          <reporter-output>
          </reporter-output>
        </test-method> <!-- methodLevelSetup -->
        <test-method status="FAIL" signature="Step07_ClickAcceptCOokie()[pri:7, instance:in.valtech.test.SP_TC_03@6fc6f14e]" name="Step07_ClickAcceptCOokie" duration-ms="5122" started-at="2020-09-08T16:10:02Z" description="Step 7: Accept Cookies" finished-at="2020-09-08T16:10:07Z">
          <exception class="org.openqa.selenium.WebDriverException">
            <message>
              <![CDATA[element click intercepted: Element is not clickable at point (1384, 772)
  (Session info: chrome=85.0.4183.83)
  (Driver info: chromedriver=84.0.4147.30 (48b3e868b4cc0aa7e8149519690b6f6949e110a8-refs/branch-heads/4147@{#310}),platform=Windows NT 10.0.17134 x86_64) (WARNING: The server did not provide any stacktrace information)
Command duration or timeout: 1.09 seconds
Build info: version: 'unknown', revision: '1969d75', time: '2016-10-18 09:43:45 -0700'
System info: host: 'VDC01LTC4533', ip: '192.168.128.55', os.name: 'Windows 10', os.arch: 'amd64', os.version: '10.0', java.version: '1.8.0_121'
Driver info: org.openqa.selenium.chrome.ChromeDriver
Capabilities [{mobileEmulationEnabled=false, timeouts={implicit=0, pageLoad=300000, script=30000}, hasTouchScreen=false, platform=XP, acceptSslCerts=false, goog:chromeOptions={debuggerAddress=localhost:58629}, acceptInsecureCerts=false, webStorageEnabled=true, browserName=chrome, takesScreenshot=true, javascriptEnabled=true, setWindowRect=true, unexpectedAlertBehaviour=ignore, applicationCacheEnabled=false, rotatable=false, networkConnectionEnabled=false, chrome={chromedriverVersion=84.0.4147.30 (48b3e868b4cc0aa7e8149519690b6f6949e110a8-refs/branch-heads/4147@{#310}), userDataDir=C:\Users\SURAJ~1.JEN\AppData\Local\Temp\scoped_dir7924_1675273839}, takesHeapSnapshot=true, pageLoadStrategy=normal, strictFileInteractability=false, databaseEnabled=false, handlesAlerts=true, version=85.0.4183.83, browserConnectionEnabled=false, proxy={}, nativeEvents=true, locationContextEnabled=true, cssSelectorsEnabled=true, webauthn:virtualAuthenticators=true}]
Session ID: 4a1541c2c499b8151856c553dfbb4125]]>
            </message>
            <full-stacktrace>
              <![CDATA[org.openqa.selenium.WebDriverException: element click intercepted: Element is not clickable at point (1384, 772)
  (Session info: chrome=85.0.4183.83)
  (Driver info: chromedriver=84.0.4147.30 (48b3e868b4cc0aa7e8149519690b6f6949e110a8-refs/branch-heads/4147@{#310}),platform=Windows NT 10.0.17134 x86_64) (WARNING: The server did not provide any stacktrace information)
Command duration or timeout: 1.09 seconds
Build info: version: 'unknown', revision: '1969d75', time: '2016-10-18 09:43:45 -0700'
System info: host: 'VDC01LTC4533', ip: '192.168.128.55', os.name: 'Windows 10', os.arch: 'amd64', os.version: '10.0', java.version: '1.8.0_121'
Driver info: org.openqa.selenium.chrome.ChromeDriver
Capabilities [{mobileEmulationEnabled=false, timeouts={implicit=0, pageLoad=300000, script=30000}, hasTouchScreen=false, platform=XP, acceptSslCerts=false, goog:chromeOptions={debuggerAddress=localhost:58629}, acceptInsecureCerts=false, webStorageEnabled=true, browserName=chrome, takesScreenshot=true, javascriptEnabled=true, setWindowRect=true, unexpectedAlertBehaviour=ignore, applicationCacheEnabled=false, rotatable=false, networkConnectionEnabled=false, chrome={chromedriverVersion=84.0.4147.30 (48b3e868b4cc0aa7e8149519690b6f6949e110a8-refs/branch-heads/4147@{#310}), userDataDir=C:\Users\SURAJ~1.JEN\AppData\Local\Temp\scoped_dir7924_1675273839}, takesHeapSnapshot=true, pageLoadStrategy=normal, strictFileInteractability=false, databaseEnabled=false, handlesAlerts=true, version=85.0.4183.83, browserConnectionEnabled=false, proxy={}, nativeEvents=true, locationContextEnabled=true, cssSelectorsEnabled=true, webauthn:virtualAuthenticators=true}]
Session ID: 4a1541c2c499b8151856c553dfbb4125
	at sun.reflect.NativeConstructorAccessorImpl.newInstance0(Native Method)
	at sun.reflect.NativeConstructorAccessorImpl.newInstance(Unknown Source)
	at sun.reflect.DelegatingConstructorAccessorImpl.newInstance(Unknown Source)
	at java.lang.reflect.Constructor.newInstance(Unknown Source)
	at org.openqa.selenium.remote.ErrorHandler.createThrowable(ErrorHandler.java:216)
	at org.openqa.selenium.remote.ErrorHandler.throwIfResponseFailed(ErrorHandler.java:168)
	at org.openqa.selenium.remote.RemoteWebDriver.execute(RemoteWebDriver.java:635)
	at org.openqa.selenium.remote.RemoteWebElement.execute(RemoteWebElement.java:274)
	at org.openqa.selenium.remote.RemoteWebElement.click(RemoteWebElement.java:84)
	at in.valtech.uiFunctions.GUIFunctions.clickButton(GUIFunctions.java:84)
	at in.valtech.pages.SearchPage.clickCookiesnotfi(SearchPage.java:150)
	at in.valtech.test.SP_TC_03.Step07_ClickAcceptCOokie(SP_TC_03.java:99)
	at sun.reflect.NativeMethodAccessorImpl.invoke0(Native Method)
	at sun.reflect.NativeMethodAccessorImpl.invoke(Unknown Source)
	at sun.reflect.DelegatingMethodAccessorImpl.invoke(Unknown Source)
	at java.lang.reflect.Method.invoke(Unknown Source)
	at org.testng.internal.MethodInvocationHelper.invokeMethod(MethodInvocationHelper.java:108)
	at org.testng.internal.Invoker.invokeMethod(Invoker.java:661)
	at org.testng.internal.Invoker.invokeTestMethod(Invoker.java:869)
	at org.testng.internal.Invoker.invokeTestMethods(Invoker.java:1193)
	at org.testng.internal.TestMethodWorker.invokeTestMethods(TestMethodWorker.java:126)
	at org.testng.internal.TestMethodWorker.run(TestMethodWorker.java:109)
	at org.testng.TestRunner.privateRun(TestRunner.java:744)
	at org.testng.TestRunner.run(TestRunner.java:602)
	at org.testng.SuiteRunner.runTest(SuiteRunner.java:380)
	at org.testng.SuiteRunner.runSequentially(SuiteRunner.java:375)
	at org.testng.SuiteRunner.privateRun(SuiteRunner.java:340)
	at org.testng.SuiteRunner.run(SuiteRunner.java:289)
	at org.testng.SuiteRunnerWorker.runSuite(SuiteRunnerWorker.java:52)
	at org.testng.SuiteRunnerWorker.run(SuiteRunnerWorker.java:86)
	at org.testng.TestNG.runSuitesSequentially(TestNG.java:1301)
	at org.testng.TestNG.runSuitesLocally(TestNG.java:1226)
	at org.testng.TestNG.runSuites(TestNG.java:1144)
	at org.testng.TestNG.run(TestNG.java:1115)
	at org.testng.remote.AbstractRemoteTestNG.run(AbstractRemoteTestNG.java:132)
	at org.testng.remote.RemoteTestNG.initAndRun(RemoteTestNG.java:230)
	at org.testng.remote.RemoteTestNG.main(RemoteTestNG.java:76)
]]>
            </full-stacktrace>
          </exception> <!-- org.openqa.selenium.WebDriverException -->
          <reporter-output>
          </reporter-output>
        </test-method> <!-- Step07_ClickAcceptCOokie -->
        <test-method status="PASS" signature="methodLevelSetup()[pri:0, instance:in.valtech.test.SP_TC_03@6fc6f14e]" name="methodLevelSetup" is-config="true" duration-ms="0" started-at="2020-09-08T16:10:07Z" finished-at="2020-09-08T16:10:07Z">
          <reporter-output>
          </reporter-output>
        </test-method> <!-- methodLevelSetup -->
        <test-method status="PASS" signature="Step08_clickBreadcrumbtn()[pri:8, instance:in.valtech.test.SP_TC_03@6fc6f14e]" name="Step08_clickBreadcrumbtn" duration-ms="8100" started-at="2020-09-08T16:10:07Z" description="Step 8: Click On Breadcrumb" finished-at="2020-09-08T16:10:15Z">
          <reporter-output>
          </reporter-output>
        </test-method> <!-- Step08_clickBreadcrumbtn -->
        <test-method status="PASS" signature="methodLevelTearDown()[pri:0, instance:in.valtech.test.SP_TC_03@6fc6f14e]" name="methodLevelTearDown" is-config="true" duration-ms="0" started-at="2020-09-08T16:10:07Z" finished-at="2020-09-08T16:10:07Z">
          <reporter-output>
          </reporter-output>
        </test-method> <!-- methodLevelTearDown -->
        <test-method status="PASS" signature="methodLevelTearDown()[pri:0, instance:in.valtech.test.SP_TC_03@6fc6f14e]" name="methodLevelTearDown" is-config="true" duration-ms="0" started-at="2020-09-08T16:10:15Z" finished-at="2020-09-08T16:10:15Z">
          <reporter-output>
          </reporter-output>
        </test-method> <!-- methodLevelTearDown -->
        <test-method status="PASS" signature="methodLevelSetup()[pri:0, instance:in.valtech.test.SP_TC_03@6fc6f14e]" name="methodLevelSetup" is-config="true" duration-ms="0" started-at="2020-09-08T16:10:15Z" finished-at="2020-09-08T16:10:15Z">
          <reporter-output>
          </reporter-output>
        </test-method> <!-- methodLevelSetup -->
        <test-method status="PASS" signature="Step09_clickSearchbtn()[pri:9, instance:in.valtech.test.SP_TC_03@6fc6f14e]" name="Step09_clickSearchbtn" duration-ms="12075" started-at="2020-09-08T16:10:15Z" description="Step 9: Click On searchbutton" finished-at="2020-09-08T16:10:27Z">
          <reporter-output>
          </reporter-output>
        </test-method> <!-- Step09_clickSearchbtn -->
        <test-method status="PASS" signature="classLevelTearDown()[pri:0, instance:in.valtech.test.SP_TC_03@6fc6f14e]" name="classLevelTearDown" is-config="true" duration-ms="1" started-at="2020-09-08T16:10:27Z" finished-at="2020-09-08T16:10:27Z">
          <reporter-output>
          </reporter-output>
        </test-method> <!-- classLevelTearDown -->
        <test-method status="PASS" signature="methodLevelTearDown()[pri:0, instance:in.valtech.test.SP_TC_03@6fc6f14e]" name="methodLevelTearDown" is-config="true" duration-ms="0" started-at="2020-09-08T16:10:27Z" finished-at="2020-09-08T16:10:27Z">
          <reporter-output>
          </reporter-output>
        </test-method> <!-- methodLevelTearDown -->
      </class> <!-- in.valtech.test.SP_TC_03 -->
      <class name="in.valtech.test.HP_TC_02">
        <test-method status="PASS" signature="suiteSetUp()[pri:0, instance:in.valtech.test.HP_TC_02@20398b7c]" name="suiteSetUp" is-config="true" duration-ms="4" started-at="2020-09-08T16:09:28Z" finished-at="2020-09-08T16:09:28Z">
          <reporter-output>
          </reporter-output>
        </test-method> <!-- suiteSetUp -->
        <test-method status="PASS" signature="setUp(java.lang.String, java.lang.String, java.lang.String, java.lang.String, java.lang.String, java.lang.String)[pri:0, instance:in.valtech.test.HP_TC_02@20398b7c]" name="setUp" is-config="true" duration-ms="6004" started-at="2020-09-08T16:09:28Z" finished-at="2020-09-08T16:09:34Z">
          <params>
            <param index="0">
              <value>
                <![CDATA[SP_TC_03]]>
              </value>
            </param>
            <param index="1">
              <value>
                <![CDATA[YES]]>
              </value>
            </param>
            <param index="2">
              <value>
                <![CDATA[https://helixint.dolby.com/quality-assurance/finder]]>
              </value>
            </param>
            <param index="3">
              <value>
                <![CDATA[qatest]]>
              </value>
            </param>
            <param index="4">
              <value>
                <![CDATA[Qa@valtech123!]]>
              </value>
            </param>
            <param index="5">
              <value>
                <![CDATA[CHROME]]>
              </value>
            </param>
          </params>
          <reporter-output>
          </reporter-output>
        </test-method> <!-- setUp -->
        <test-method status="PASS" signature="Step01_navigateToApplication_URL()[pri:1, instance:in.valtech.test.HP_TC_02@20398b7c]" name="Step01_navigateToApplication_URL" duration-ms="6641" started-at="2020-09-08T16:09:34Z" description="Step 1:  Open browser,Navigate to the Dolby URL" finished-at="2020-09-08T16:09:41Z">
          <reporter-output>
            <line>
              <![CDATA[Page Title:Login]]>
            </line>
          </reporter-output>
        </test-method> <!-- Step01_navigateToApplication_URL -->
        <test-method status="PASS" signature="methodLevelSetup()[pri:0, instance:in.valtech.test.HP_TC_02@20398b7c]" name="methodLevelSetup" is-config="true" duration-ms="0" started-at="2020-09-08T16:09:34Z" finished-at="2020-09-08T16:09:34Z">
          <reporter-output>
          </reporter-output>
        </test-method> <!-- methodLevelSetup -->
        <test-method status="PASS" signature="methodLevelTearDown()[pri:0, instance:in.valtech.test.HP_TC_02@20398b7c]" name="methodLevelTearDown" is-config="true" duration-ms="0" started-at="2020-09-08T16:09:41Z" finished-at="2020-09-08T16:09:41Z">
          <reporter-output>
          </reporter-output>
        </test-method> <!-- methodLevelTearDown -->
        <test-method status="PASS" signature="Step02_enterUserName()[pri:2, instance:in.valtech.test.HP_TC_02@20398b7c]" name="Step02_enterUserName" duration-ms="2103" started-at="2020-09-08T16:09:41Z" description="Step 2:  Enter userName" finished-at="2020-09-08T16:09:43Z">
          <reporter-output>
          </reporter-output>
        </test-method> <!-- Step02_enterUserName -->
        <test-method status="PASS" signature="methodLevelSetup()[pri:0, instance:in.valtech.test.HP_TC_02@20398b7c]" name="methodLevelSetup" is-config="true" duration-ms="0" started-at="2020-09-08T16:09:41Z" finished-at="2020-09-08T16:09:41Z">
          <reporter-output>
          </reporter-output>
        </test-method> <!-- methodLevelSetup -->
        <test-method status="PASS" signature="methodLevelSetup()[pri:0, instance:in.valtech.test.HP_TC_02@20398b7c]" name="methodLevelSetup" is-config="true" duration-ms="0" started-at="2020-09-08T16:09:43Z" finished-at="2020-09-08T16:09:43Z">
          <reporter-output>
          </reporter-output>
        </test-method> <!-- methodLevelSetup -->
        <test-method status="PASS" signature="methodLevelTearDown()[pri:0, instance:in.valtech.test.HP_TC_02@20398b7c]" name="methodLevelTearDown" is-config="true" duration-ms="0" started-at="2020-09-08T16:09:43Z" finished-at="2020-09-08T16:09:43Z">
          <reporter-output>
          </reporter-output>
        </test-method> <!-- methodLevelTearDown -->
        <test-method status="PASS" signature="Step03_enterPassword()[pri:3, instance:in.valtech.test.HP_TC_02@20398b7c]" name="Step03_enterPassword" duration-ms="5112" started-at="2020-09-08T16:09:43Z" description="Step 3:  Enter password" finished-at="2020-09-08T16:09:48Z">
          <reporter-output>
          </reporter-output>
        </test-method> <!-- Step03_enterPassword -->
        <test-method status="PASS" signature="methodLevelTearDown()[pri:0, instance:in.valtech.test.HP_TC_02@20398b7c]" name="methodLevelTearDown" is-config="true" duration-ms="0" started-at="2020-09-08T16:09:48Z" finished-at="2020-09-08T16:09:48Z">
          <reporter-output>
          </reporter-output>
        </test-method> <!-- methodLevelTearDown -->
        <test-method status="PASS" signature="methodLevelSetup()[pri:0, instance:in.valtech.test.HP_TC_02@20398b7c]" name="methodLevelSetup" is-config="true" duration-ms="0" started-at="2020-09-08T16:09:48Z" finished-at="2020-09-08T16:09:48Z">
          <reporter-output>
          </reporter-output>
        </test-method> <!-- methodLevelSetup -->
        <test-method status="PASS" signature="Step04_ClickOnLoginInBtn()[pri:4, instance:in.valtech.test.HP_TC_02@20398b7c]" name="Step04_ClickOnLoginInBtn" duration-ms="14109" started-at="2020-09-08T16:09:48Z" description="Step 4: Click on Login Button" finished-at="2020-09-08T16:10:02Z">
          <reporter-output>
          </reporter-output>
        </test-method> <!-- Step04_ClickOnLoginInBtn -->
        <test-method status="PASS" signature="classLevelTearDown()[pri:0, instance:in.valtech.test.HP_TC_02@20398b7c]" name="classLevelTearDown" is-config="true" duration-ms="0" started-at="2020-09-08T16:10:02Z" finished-at="2020-09-08T16:10:02Z">
          <reporter-output>
          </reporter-output>
        </test-method> <!-- classLevelTearDown -->
        <test-method status="PASS" signature="methodLevelTearDown()[pri:0, instance:in.valtech.test.HP_TC_02@20398b7c]" name="methodLevelTearDown" is-config="true" duration-ms="0" started-at="2020-09-08T16:10:02Z" finished-at="2020-09-08T16:10:02Z">
          <reporter-output>
          </reporter-output>
        </test-method> <!-- methodLevelTearDown -->
        <test-method status="PASS" signature="tearDown()[pri:0, instance:in.valtech.test.HP_TC_02@20398b7c]" name="tearDown" is-config="true" duration-ms="1213" started-at="2020-09-08T16:10:27Z" finished-at="2020-09-08T16:10:29Z">
          <reporter-output>
          </reporter-output>
        </test-method> <!-- tearDown -->
      </class> <!-- in.valtech.test.HP_TC_02 -->
    </test> <!-- SearchPage_SP_TC_03_SP_TC_03 -->
  </suite> <!-- Dolby Automation  :EXECUTABLE_DS -->
</testng-results>
